[05-Jul-2015-10:04:47:401][31][ViewSourceProvider][DEBUG]: View source provider has been disposed.
[05-Jul-2015-10:04:49:797][122][ResourceManager$InternalManager][DEBUG]: Image registry was disposed: true
[05-Jul-2015-10:04:49:798][124][ResourceManager$InternalManager][DEBUG]: Color registry was disposed: true
[05-Jul-2015-10:04:49:798][126][ResourceManager$InternalManager][DEBUG]: Font registry was disposed: true
[13-Jul-2015-01:47:26:466][31][ViewSourceProvider][DEBUG]: View source provider has been disposed.
[13-Jul-2015-01:47:29:015][122][ResourceManager$InternalManager][DEBUG]: Image registry was disposed: true
[13-Jul-2015-01:47:29:017][124][ResourceManager$InternalManager][DEBUG]: Color registry was disposed: true
[13-Jul-2015-01:47:29:017][126][ResourceManager$InternalManager][DEBUG]: Font registry was disposed: true
[14-Jul-2015-01:00:35:264][31][ViewSourceProvider][DEBUG]: View source provider has been disposed.
[14-Jul-2015-01:00:38:135][122][ResourceManager$InternalManager][DEBUG]: Image registry was disposed: true
[14-Jul-2015-01:00:38:137][124][ResourceManager$InternalManager][DEBUG]: Color registry was disposed: true
[14-Jul-2015-01:00:38:137][126][ResourceManager$InternalManager][DEBUG]: Font registry was disposed: true
[15-Jul-2015-00:32:29:983][31][ViewSourceProvider][DEBUG]: View source provider has been disposed.
[15-Jul-2015-00:32:32:887][122][ResourceManager$InternalManager][DEBUG]: Image registry was disposed: true
[15-Jul-2015-00:32:32:888][124][ResourceManager$InternalManager][DEBUG]: Color registry was disposed: true
[15-Jul-2015-00:32:32:888][126][ResourceManager$InternalManager][DEBUG]: Font registry was disposed: true
[16-Jul-2015-23:17:54:415][31][ViewSourceProvider][DEBUG]: View source provider has been disposed.
[16-Jul-2015-23:17:58:371][122][ResourceManager$InternalManager][DEBUG]: Image registry was disposed: true
[16-Jul-2015-23:17:58:372][124][ResourceManager$InternalManager][DEBUG]: Color registry was disposed: true
[16-Jul-2015-23:17:58:373][126][ResourceManager$InternalManager][DEBUG]: Font registry was disposed: true
[17-Jul-2015-23:49:41:851][31][ViewSourceProvider][DEBUG]: View source provider has been disposed.
[17-Jul-2015-23:49:44:906][122][ResourceManager$InternalManager][DEBUG]: Image registry was disposed: true
[17-Jul-2015-23:49:44:908][124][ResourceManager$InternalManager][DEBUG]: Color registry was disposed: true
[17-Jul-2015-23:49:44:908][126][ResourceManager$InternalManager][DEBUG]: Font registry was disposed: true
[18-Jul-2015-13:02:27:749][31][ViewSourceProvider][DEBUG]: View source provider has been disposed.
[18-Jul-2015-13:02:29:509][122][ResourceManager$InternalManager][DEBUG]: Image registry was disposed: true
[18-Jul-2015-13:02:29:510][124][ResourceManager$InternalManager][DEBUG]: Color registry was disposed: true
[18-Jul-2015-13:02:29:510][126][ResourceManager$InternalManager][DEBUG]: Font registry was disposed: true
[19-Jul-2015-01:28:01:420][31][ViewSourceProvider][DEBUG]: View source provider has been disposed.
[19-Jul-2015-23:14:49:110][31][ViewSourceProvider][DEBUG]: View source provider has been disposed.
[19-Jul-2015-23:14:51:747][122][ResourceManager$InternalManager][DEBUG]: Image registry was disposed: true
[19-Jul-2015-23:14:51:748][124][ResourceManager$InternalManager][DEBUG]: Color registry was disposed: true
[19-Jul-2015-23:14:51:748][126][ResourceManager$InternalManager][DEBUG]: Font registry was disposed: true
[20-Jul-2015-00:55:31:977][31][ViewSourceProvider][DEBUG]: View source provider has been disposed.
[20-Jul-2015-00:55:34:976][122][ResourceManager$InternalManager][DEBUG]: Image registry was disposed: true
[20-Jul-2015-00:55:34:980][124][ResourceManager$InternalManager][DEBUG]: Color registry was disposed: true
[20-Jul-2015-00:55:34:980][126][ResourceManager$InternalManager][DEBUG]: Font registry was disposed: true
[21-Jul-2015-00:53:37:960][31][ViewSourceProvider][DEBUG]: View source provider has been disposed.
[21-Jul-2015-00:53:40:239][122][ResourceManager$InternalManager][DEBUG]: Image registry was disposed: true
[21-Jul-2015-00:53:40:240][124][ResourceManager$InternalManager][DEBUG]: Color registry was disposed: true
[21-Jul-2015-00:53:40:255][126][ResourceManager$InternalManager][DEBUG]: Font registry was disposed: true
[22-Jul-2015-00:40:43:619][31][ViewSourceProvider][DEBUG]: View source provider has been disposed.
[22-Jul-2015-00:40:46:026][122][ResourceManager$InternalManager][DEBUG]: Image registry was disposed: true
[22-Jul-2015-00:40:46:029][124][ResourceManager$InternalManager][DEBUG]: Color registry was disposed: true
[22-Jul-2015-00:40:46:030][126][ResourceManager$InternalManager][DEBUG]: Font registry was disposed: true
[22-Jul-2015-23:42:10:546][31][ViewSourceProvider][DEBUG]: View source provider has been disposed.
[22-Jul-2015-23:42:12:716][122][ResourceManager$InternalManager][DEBUG]: Image registry was disposed: true
[22-Jul-2015-23:42:12:717][124][ResourceManager$InternalManager][DEBUG]: Color registry was disposed: true
[22-Jul-2015-23:42:12:717][126][ResourceManager$InternalManager][DEBUG]: Font registry was disposed: true
[24-Jul-2015-00:45:10:442][31][ViewSourceProvider][DEBUG]: View source provider has been disposed.
[24-Jul-2015-00:45:13:254][122][ResourceManager$InternalManager][DEBUG]: Image registry was disposed: true
[24-Jul-2015-00:45:13:255][124][ResourceManager$InternalManager][DEBUG]: Color registry was disposed: true
[24-Jul-2015-00:45:13:256][126][ResourceManager$InternalManager][DEBUG]: Font registry was disposed: true
[25-Jul-2015-22:15:32:608][115][ResourceManager$InternalManager][DEBUG]: A new font was added to font registry: Font {org.eclipse.swt.internal.cocoa.NSFont{4299490336}}
[25-Jul-2015-22:15:32:637][103][ResourceManager$InternalManager][DEBUG]: A new color was added to color registry: Color {0, 0, 0}
[25-Jul-2015-22:15:32:637][103][ResourceManager$InternalManager][DEBUG]: A new color was added to color registry: Color {255, 255, 255}
[25-Jul-2015-22:15:32:638][103][ResourceManager$InternalManager][DEBUG]: A new color was added to color registry: Color {0, 255, 0}
[25-Jul-2015-22:15:32:639][103][ResourceManager$InternalManager][DEBUG]: A new color was added to color registry: Color {255, 128, 0}
[25-Jul-2015-22:15:32:639][103][ResourceManager$InternalManager][DEBUG]: A new color was added to color registry: Color {255, 0, 0}
[25-Jul-2015-22:15:32:640][103][ResourceManager$InternalManager][DEBUG]: A new color was added to color registry: Color {165, 42, 42}
[25-Jul-2015-22:24:07:020][31][ViewSourceProvider][DEBUG]: View source provider has been disposed.
[25-Jul-2015-22:24:10:813][122][ResourceManager$InternalManager][DEBUG]: Image registry was disposed: true
[25-Jul-2015-22:24:10:815][124][ResourceManager$InternalManager][DEBUG]: Color registry was disposed: true
[25-Jul-2015-22:24:10:816][126][ResourceManager$InternalManager][DEBUG]: Font registry was disposed: true
[26-Jul-2015-02:37:58:764][31][ViewSourceProvider][DEBUG]: View source provider has been disposed.
[26-Jul-2015-02:38:01:113][122][ResourceManager$InternalManager][DEBUG]: Image registry was disposed: true
[26-Jul-2015-02:38:01:114][124][ResourceManager$InternalManager][DEBUG]: Color registry was disposed: true
[26-Jul-2015-02:38:01:115][126][ResourceManager$InternalManager][DEBUG]: Font registry was disposed: true
[27-Jul-2015-01:41:42:947][31][ViewSourceProvider][DEBUG]: View source provider has been disposed.
[27-Jul-2015-01:41:45:791][122][ResourceManager$InternalManager][DEBUG]: Image registry was disposed: true
[27-Jul-2015-01:41:45:792][124][ResourceManager$InternalManager][DEBUG]: Color registry was disposed: true
[27-Jul-2015-01:41:45:792][126][ResourceManager$InternalManager][DEBUG]: Font registry was disposed: true
[28-Jul-2015-01:19:02:763][31][ViewSourceProvider][DEBUG]: View source provider has been disposed.
[28-Jul-2015-01:19:05:871][122][ResourceManager$InternalManager][DEBUG]: Image registry was disposed: true
[28-Jul-2015-01:19:05:873][124][ResourceManager$InternalManager][DEBUG]: Color registry was disposed: true
[28-Jul-2015-01:19:05:873][126][ResourceManager$InternalManager][DEBUG]: Font registry was disposed: true
[29-Jul-2015-01:35:39:868][31][ViewSourceProvider][DEBUG]: View source provider has been disposed.
[29-Jul-2015-01:35:43:735][122][ResourceManager$InternalManager][DEBUG]: Image registry was disposed: true
[29-Jul-2015-01:35:43:739][124][ResourceManager$InternalManager][DEBUG]: Color registry was disposed: true
[29-Jul-2015-01:35:43:739][126][ResourceManager$InternalManager][DEBUG]: Font registry was disposed: true
[30-Jul-2015-00:13:42:093][31][ViewSourceProvider][DEBUG]: View source provider has been disposed.
[30-Jul-2015-00:13:44:398][122][ResourceManager$InternalManager][DEBUG]: Image registry was disposed: true
[30-Jul-2015-00:13:44:400][124][ResourceManager$InternalManager][DEBUG]: Color registry was disposed: true
[30-Jul-2015-00:13:44:400][126][ResourceManager$InternalManager][DEBUG]: Font registry was disposed: true
[31-Jul-2015-00:23:25:117][31][ViewSourceProvider][DEBUG]: View source provider has been disposed.
[31-Jul-2015-00:23:27:342][122][ResourceManager$InternalManager][DEBUG]: Image registry was disposed: true
[31-Jul-2015-00:23:27:343][124][ResourceManager$InternalManager][DEBUG]: Color registry was disposed: true
[31-Jul-2015-00:23:27:343][126][ResourceManager$InternalManager][DEBUG]: Font registry was disposed: true
[01-Aug-2015-01:26:55:640][31][ViewSourceProvider][DEBUG]: View source provider has been disposed.
[01-Aug-2015-01:26:58:121][122][ResourceManager$InternalManager][DEBUG]: Image registry was disposed: true
[01-Aug-2015-01:26:58:123][124][ResourceManager$InternalManager][DEBUG]: Color registry was disposed: true
[01-Aug-2015-01:26:58:123][126][ResourceManager$InternalManager][DEBUG]: Font registry was disposed: true
[01-Aug-2015-23:09:24:196][31][ViewSourceProvider][DEBUG]: View source provider has been disposed.
[01-Aug-2015-23:09:27:203][122][ResourceManager$InternalManager][DEBUG]: Image registry was disposed: true
[01-Aug-2015-23:09:27:204][124][ResourceManager$InternalManager][DEBUG]: Color registry was disposed: true
[01-Aug-2015-23:09:27:205][126][ResourceManager$InternalManager][DEBUG]: Font registry was disposed: true
[02-Aug-2015-00:05:46:345][31][ViewSourceProvider][DEBUG]: View source provider has been disposed.
[02-Aug-2015-00:05:48:910][122][ResourceManager$InternalManager][DEBUG]: Image registry was disposed: true
[02-Aug-2015-00:05:48:911][124][ResourceManager$InternalManager][DEBUG]: Color registry was disposed: true
[02-Aug-2015-00:05:48:911][126][ResourceManager$InternalManager][DEBUG]: Font registry was disposed: true
[02-Aug-2015-12:51:44:633][31][ViewSourceProvider][DEBUG]: View source provider has been disposed.
[02-Aug-2015-12:51:49:832][122][ResourceManager$InternalManager][DEBUG]: Image registry was disposed: true
[02-Aug-2015-12:51:49:833][124][ResourceManager$InternalManager][DEBUG]: Color registry was disposed: true
[02-Aug-2015-12:51:49:833][126][ResourceManager$InternalManager][DEBUG]: Font registry was disposed: true
[02-Aug-2015-16:04:15:287][31][ViewSourceProvider][DEBUG]: View source provider has been disposed.
[02-Aug-2015-16:04:17:988][122][ResourceManager$InternalManager][DEBUG]: Image registry was disposed: true
[02-Aug-2015-16:04:17:990][124][ResourceManager$InternalManager][DEBUG]: Color registry was disposed: true
[02-Aug-2015-16:04:17:990][126][ResourceManager$InternalManager][DEBUG]: Font registry was disposed: true
[03-Aug-2015-02:18:05:262][31][ViewSourceProvider][DEBUG]: View source provider has been disposed.
[03-Aug-2015-02:18:08:586][122][ResourceManager$InternalManager][DEBUG]: Image registry was disposed: true
[03-Aug-2015-02:18:08:587][124][ResourceManager$InternalManager][DEBUG]: Color registry was disposed: true
[03-Aug-2015-02:18:08:587][126][ResourceManager$InternalManager][DEBUG]: Font registry was disposed: true
[04-Aug-2015-02:34:01:551][31][ViewSourceProvider][DEBUG]: View source provider has been disposed.
[04-Aug-2015-02:34:04:671][122][ResourceManager$InternalManager][DEBUG]: Image registry was disposed: true
[04-Aug-2015-02:34:04:672][124][ResourceManager$InternalManager][DEBUG]: Color registry was disposed: true
[04-Aug-2015-02:34:04:672][126][ResourceManager$InternalManager][DEBUG]: Font registry was disposed: true
[05-Aug-2015-01:24:11:536][31][ViewSourceProvider][DEBUG]: View source provider has been disposed.
[05-Aug-2015-01:24:13:873][122][ResourceManager$InternalManager][DEBUG]: Image registry was disposed: true
[05-Aug-2015-01:24:13:875][124][ResourceManager$InternalManager][DEBUG]: Color registry was disposed: true
[05-Aug-2015-01:24:13:875][126][ResourceManager$InternalManager][DEBUG]: Font registry was disposed: true
[05-Aug-2015-21:08:48:508][31][ViewSourceProvider][DEBUG]: View source provider has been disposed.
[05-Aug-2015-21:08:52:066][122][ResourceManager$InternalManager][DEBUG]: Image registry was disposed: true
[05-Aug-2015-21:08:52:069][124][ResourceManager$InternalManager][DEBUG]: Color registry was disposed: true
[05-Aug-2015-21:08:52:069][126][ResourceManager$InternalManager][DEBUG]: Font registry was disposed: true
[06-Aug-2015-00:45:54:056][31][ViewSourceProvider][DEBUG]: View source provider has been disposed.
[06-Aug-2015-00:45:57:488][122][ResourceManager$InternalManager][DEBUG]: Image registry was disposed: true
[06-Aug-2015-00:45:57:491][124][ResourceManager$InternalManager][DEBUG]: Color registry was disposed: true
[06-Aug-2015-00:45:57:492][126][ResourceManager$InternalManager][DEBUG]: Font registry was disposed: true
[07-Aug-2015-00:47:15:753][31][ViewSourceProvider][DEBUG]: View source provider has been disposed.
[07-Aug-2015-00:47:19:095][122][ResourceManager$InternalManager][DEBUG]: Image registry was disposed: true
[07-Aug-2015-00:47:19:096][124][ResourceManager$InternalManager][DEBUG]: Color registry was disposed: true
[07-Aug-2015-00:47:19:097][126][ResourceManager$InternalManager][DEBUG]: Font registry was disposed: true
[09-Aug-2015-02:24:43:499][31][ViewSourceProvider][DEBUG]: View source provider has been disposed.
[09-Aug-2015-02:24:46:753][122][ResourceManager$InternalManager][DEBUG]: Image registry was disposed: true
[09-Aug-2015-02:24:46:755][124][ResourceManager$InternalManager][DEBUG]: Color registry was disposed: true
[09-Aug-2015-02:24:46:755][126][ResourceManager$InternalManager][DEBUG]: Font registry was disposed: true
[10-Aug-2015-02:14:58:865][31][ViewSourceProvider][DEBUG]: View source provider has been disposed.
[10-Aug-2015-02:15:01:144][122][ResourceManager$InternalManager][DEBUG]: Image registry was disposed: true
[10-Aug-2015-02:15:01:151][124][ResourceManager$InternalManager][DEBUG]: Color registry was disposed: true
[10-Aug-2015-02:15:01:151][126][ResourceManager$InternalManager][DEBUG]: Font registry was disposed: true
[10-Aug-2015-09:30:31:866][31][ViewSourceProvider][DEBUG]: View source provider has been disposed.
[10-Aug-2015-09:30:33:577][122][ResourceManager$InternalManager][DEBUG]: Image registry was disposed: true
[10-Aug-2015-09:30:33:578][124][ResourceManager$InternalManager][DEBUG]: Color registry was disposed: true
[10-Aug-2015-09:30:33:578][126][ResourceManager$InternalManager][DEBUG]: Font registry was disposed: true
[11-Aug-2015-01:27:38:583][31][ViewSourceProvider][DEBUG]: View source provider has been disposed.
[11-Aug-2015-01:27:41:351][122][ResourceManager$InternalManager][DEBUG]: Image registry was disposed: true
[11-Aug-2015-01:27:41:352][124][ResourceManager$InternalManager][DEBUG]: Color registry was disposed: true
[11-Aug-2015-01:27:41:352][126][ResourceManager$InternalManager][DEBUG]: Font registry was disposed: true
[13-Aug-2015-01:29:42:759][31][ViewSourceProvider][DEBUG]: View source provider has been disposed.
[13-Aug-2015-01:29:46:559][122][ResourceManager$InternalManager][DEBUG]: Image registry was disposed: true
[13-Aug-2015-01:29:46:561][124][ResourceManager$InternalManager][DEBUG]: Color registry was disposed: true
[13-Aug-2015-01:29:46:561][126][ResourceManager$InternalManager][DEBUG]: Font registry was disposed: true
[14-Aug-2015-01:10:13:946][31][ViewSourceProvider][DEBUG]: View source provider has been disposed.
[14-Aug-2015-01:10:16:441][122][ResourceManager$InternalManager][DEBUG]: Image registry was disposed: true
[14-Aug-2015-01:10:16:445][124][ResourceManager$InternalManager][DEBUG]: Color registry was disposed: true
[14-Aug-2015-01:10:16:458][126][ResourceManager$InternalManager][DEBUG]: Font registry was disposed: true
[14-Aug-2015-09:20:39:319][31][ViewSourceProvider][DEBUG]: View source provider has been disposed.
[14-Aug-2015-09:20:41:038][122][ResourceManager$InternalManager][DEBUG]: Image registry was disposed: true
[14-Aug-2015-09:20:41:040][124][ResourceManager$InternalManager][DEBUG]: Color registry was disposed: true
[14-Aug-2015-09:20:41:040][126][ResourceManager$InternalManager][DEBUG]: Font registry was disposed: true
[15-Aug-2015-01:32:58:343][31][ViewSourceProvider][DEBUG]: View source provider has been disposed.
[15-Aug-2015-01:33:00:469][122][ResourceManager$InternalManager][DEBUG]: Image registry was disposed: true
[15-Aug-2015-01:33:00:470][124][ResourceManager$InternalManager][DEBUG]: Color registry was disposed: true
[15-Aug-2015-01:33:00:471][126][ResourceManager$InternalManager][DEBUG]: Font registry was disposed: true
[16-Aug-2015-02:03:57:326][31][ViewSourceProvider][DEBUG]: View source provider has been disposed.
[16-Aug-2015-02:04:00:637][122][ResourceManager$InternalManager][DEBUG]: Image registry was disposed: true
[16-Aug-2015-02:04:00:639][124][ResourceManager$InternalManager][DEBUG]: Color registry was disposed: true
[16-Aug-2015-02:04:00:639][126][ResourceManager$InternalManager][DEBUG]: Font registry was disposed: true
[17-Aug-2015-09:33:54:896][31][ViewSourceProvider][DEBUG]: View source provider has been disposed.
[17-Aug-2015-09:33:59:244][122][ResourceManager$InternalManager][DEBUG]: Image registry was disposed: true
[17-Aug-2015-09:33:59:246][124][ResourceManager$InternalManager][DEBUG]: Color registry was disposed: true
[17-Aug-2015-09:33:59:247][126][ResourceManager$InternalManager][DEBUG]: Font registry was disposed: true
[18-Aug-2015-09:33:08:723][31][ViewSourceProvider][DEBUG]: View source provider has been disposed.
[18-Aug-2015-09:33:11:846][122][ResourceManager$InternalManager][DEBUG]: Image registry was disposed: true
[18-Aug-2015-09:33:11:847][124][ResourceManager$InternalManager][DEBUG]: Color registry was disposed: true
[18-Aug-2015-09:33:11:848][126][ResourceManager$InternalManager][DEBUG]: Font registry was disposed: true
[19-Aug-2015-00:38:57:526][31][ViewSourceProvider][DEBUG]: View source provider has been disposed.
[19-Aug-2015-00:39:00:580][122][ResourceManager$InternalManager][DEBUG]: Image registry was disposed: true
[19-Aug-2015-00:39:00:581][124][ResourceManager$InternalManager][DEBUG]: Color registry was disposed: true
[19-Aug-2015-00:39:00:581][126][ResourceManager$InternalManager][DEBUG]: Font registry was disposed: true
[19-Aug-2015-09:30:18:356][31][ViewSourceProvider][DEBUG]: View source provider has been disposed.
[19-Aug-2015-09:30:21:302][122][ResourceManager$InternalManager][DEBUG]: Image registry was disposed: true
[19-Aug-2015-09:30:21:303][124][ResourceManager$InternalManager][DEBUG]: Color registry was disposed: true
[19-Aug-2015-09:30:21:304][126][ResourceManager$InternalManager][DEBUG]: Font registry was disposed: true
[20-Aug-2015-23:18:31:176][31][ViewSourceProvider][DEBUG]: View source provider has been disposed.
[20-Aug-2015-23:18:33:672][122][ResourceManager$InternalManager][DEBUG]: Image registry was disposed: true
[20-Aug-2015-23:18:33:673][124][ResourceManager$InternalManager][DEBUG]: Color registry was disposed: true
[20-Aug-2015-23:18:33:673][126][ResourceManager$InternalManager][DEBUG]: Font registry was disposed: true
[21-Aug-2015-01:26:42:493][31][ViewSourceProvider][DEBUG]: View source provider has been disposed.
[21-Aug-2015-01:26:44:976][122][ResourceManager$InternalManager][DEBUG]: Image registry was disposed: true
[21-Aug-2015-01:26:44:978][124][ResourceManager$InternalManager][DEBUG]: Color registry was disposed: true
[21-Aug-2015-01:26:44:978][126][ResourceManager$InternalManager][DEBUG]: Font registry was disposed: true
[21-Aug-2015-22:57:09:432][31][ViewSourceProvider][DEBUG]: View source provider has been disposed.
[21-Aug-2015-22:57:14:087][122][ResourceManager$InternalManager][DEBUG]: Image registry was disposed: true
[21-Aug-2015-22:57:14:102][124][ResourceManager$InternalManager][DEBUG]: Color registry was disposed: true
[21-Aug-2015-22:57:14:102][126][ResourceManager$InternalManager][DEBUG]: Font registry was disposed: true
[23-Aug-2015-00:59:33:317][31][ViewSourceProvider][DEBUG]: View source provider has been disposed.
[23-Aug-2015-00:59:36:550][122][ResourceManager$InternalManager][DEBUG]: Image registry was disposed: true
[23-Aug-2015-00:59:36:551][124][ResourceManager$InternalManager][DEBUG]: Color registry was disposed: true
[23-Aug-2015-00:59:36:552][126][ResourceManager$InternalManager][DEBUG]: Font registry was disposed: true
[23-Aug-2015-11:14:15:004][31][ViewSourceProvider][DEBUG]: View source provider has been disposed.
[23-Aug-2015-11:14:17:194][122][ResourceManager$InternalManager][DEBUG]: Image registry was disposed: true
[23-Aug-2015-11:14:17:195][124][ResourceManager$InternalManager][DEBUG]: Color registry was disposed: true
[23-Aug-2015-11:14:17:196][126][ResourceManager$InternalManager][DEBUG]: Font registry was disposed: true
[25-Aug-2015-00:07:09:825][31][ViewSourceProvider][DEBUG]: View source provider has been disposed.
[25-Aug-2015-00:07:12:762][122][ResourceManager$InternalManager][DEBUG]: Image registry was disposed: true
[25-Aug-2015-00:07:12:764][124][ResourceManager$InternalManager][DEBUG]: Color registry was disposed: true
[25-Aug-2015-00:07:12:764][126][ResourceManager$InternalManager][DEBUG]: Font registry was disposed: true
[26-Aug-2015-00:34:32:003][31][ViewSourceProvider][DEBUG]: View source provider has been disposed.
[26-Aug-2015-00:34:35:458][122][ResourceManager$InternalManager][DEBUG]: Image registry was disposed: true
[26-Aug-2015-00:34:35:459][124][ResourceManager$InternalManager][DEBUG]: Color registry was disposed: true
[26-Aug-2015-00:34:35:460][126][ResourceManager$InternalManager][DEBUG]: Font registry was disposed: true
[26-Aug-2015-13:53:54:920][31][ViewSourceProvider][DEBUG]: View source provider has been disposed.
[26-Aug-2015-13:53:57:415][122][ResourceManager$InternalManager][DEBUG]: Image registry was disposed: true
[26-Aug-2015-13:53:57:416][124][ResourceManager$InternalManager][DEBUG]: Color registry was disposed: true
[26-Aug-2015-13:53:57:416][126][ResourceManager$InternalManager][DEBUG]: Font registry was disposed: true
[27-Aug-2015-00:58:19:932][31][ViewSourceProvider][DEBUG]: View source provider has been disposed.
[27-Aug-2015-00:58:22:116][122][ResourceManager$InternalManager][DEBUG]: Image registry was disposed: true
[27-Aug-2015-00:58:22:117][124][ResourceManager$InternalManager][DEBUG]: Color registry was disposed: true
[27-Aug-2015-00:58:22:117][126][ResourceManager$InternalManager][DEBUG]: Font registry was disposed: true
[29-Aug-2015-00:12:49:966][31][ViewSourceProvider][DEBUG]: View source provider has been disposed.
[29-Aug-2015-00:12:52:768][122][ResourceManager$InternalManager][DEBUG]: Image registry was disposed: true
[29-Aug-2015-00:12:52:769][124][ResourceManager$InternalManager][DEBUG]: Color registry was disposed: true
[29-Aug-2015-00:12:52:769][126][ResourceManager$InternalManager][DEBUG]: Font registry was disposed: true
[31-Aug-2015-00:04:18:878][31][ViewSourceProvider][DEBUG]: View source provider has been disposed.
[31-Aug-2015-00:04:20:973][122][ResourceManager$InternalManager][DEBUG]: Image registry was disposed: true
[31-Aug-2015-00:04:20:974][124][ResourceManager$InternalManager][DEBUG]: Color registry was disposed: true
[31-Aug-2015-00:04:20:975][126][ResourceManager$InternalManager][DEBUG]: Font registry was disposed: true
[01-Sep-2015-00:20:03:729][31][ViewSourceProvider][DEBUG]: View source provider has been disposed.
[01-Sep-2015-00:20:06:434][122][ResourceManager$InternalManager][DEBUG]: Image registry was disposed: true
[01-Sep-2015-00:20:06:435][124][ResourceManager$InternalManager][DEBUG]: Color registry was disposed: true
[01-Sep-2015-00:20:06:435][126][ResourceManager$InternalManager][DEBUG]: Font registry was disposed: true
[02-Sep-2015-00:18:12:912][31][ViewSourceProvider][DEBUG]: View source provider has been disposed.
[02-Sep-2015-00:18:16:176][122][ResourceManager$InternalManager][DEBUG]: Image registry was disposed: true
[02-Sep-2015-00:18:16:177][124][ResourceManager$InternalManager][DEBUG]: Color registry was disposed: true
[02-Sep-2015-00:18:16:177][126][ResourceManager$InternalManager][DEBUG]: Font registry was disposed: true
[02-Sep-2015-09:29:59:543][31][ViewSourceProvider][DEBUG]: View source provider has been disposed.
[02-Sep-2015-09:30:01:486][122][ResourceManager$InternalManager][DEBUG]: Image registry was disposed: true
[02-Sep-2015-09:30:01:487][124][ResourceManager$InternalManager][DEBUG]: Color registry was disposed: true
[02-Sep-2015-09:30:01:487][126][ResourceManager$InternalManager][DEBUG]: Font registry was disposed: true
[03-Sep-2015-00:01:17:593][31][ViewSourceProvider][DEBUG]: View source provider has been disposed.
[03-Sep-2015-00:01:19:918][122][ResourceManager$InternalManager][DEBUG]: Image registry was disposed: true
[03-Sep-2015-00:01:19:919][124][ResourceManager$InternalManager][DEBUG]: Color registry was disposed: true
[03-Sep-2015-00:01:19:919][126][ResourceManager$InternalManager][DEBUG]: Font registry was disposed: true
[03-Sep-2015-08:46:48:955][31][ViewSourceProvider][DEBUG]: View source provider has been disposed.
[03-Sep-2015-08:46:50:788][122][ResourceManager$InternalManager][DEBUG]: Image registry was disposed: true
[03-Sep-2015-08:46:50:790][124][ResourceManager$InternalManager][DEBUG]: Color registry was disposed: true
[03-Sep-2015-08:46:50:790][126][ResourceManager$InternalManager][DEBUG]: Font registry was disposed: true
[03-Sep-2015-09:26:05:029][31][ViewSourceProvider][DEBUG]: View source provider has been disposed.
[03-Sep-2015-09:26:08:242][122][ResourceManager$InternalManager][DEBUG]: Image registry was disposed: true
[03-Sep-2015-09:26:08:243][124][ResourceManager$InternalManager][DEBUG]: Color registry was disposed: true
[03-Sep-2015-09:26:08:243][126][ResourceManager$InternalManager][DEBUG]: Font registry was disposed: true
[04-Sep-2015-09:21:17:786][31][ViewSourceProvider][DEBUG]: View source provider has been disposed.
[04-Sep-2015-09:21:20:800][122][ResourceManager$InternalManager][DEBUG]: Image registry was disposed: true
[04-Sep-2015-09:21:20:801][124][ResourceManager$InternalManager][DEBUG]: Color registry was disposed: true
[04-Sep-2015-09:21:20:801][126][ResourceManager$InternalManager][DEBUG]: Font registry was disposed: true
[06-Sep-2015-02:29:27:850][31][ViewSourceProvider][DEBUG]: View source provider has been disposed.
[06-Sep-2015-02:29:31:353][122][ResourceManager$InternalManager][DEBUG]: Image registry was disposed: true
[06-Sep-2015-02:29:31:354][124][ResourceManager$InternalManager][DEBUG]: Color registry was disposed: true
[06-Sep-2015-02:29:31:354][126][ResourceManager$InternalManager][DEBUG]: Font registry was disposed: true
[07-Sep-2015-09:28:16:870][31][ViewSourceProvider][DEBUG]: View source provider has been disposed.
[07-Sep-2015-09:28:20:738][122][ResourceManager$InternalManager][DEBUG]: Image registry was disposed: true
[07-Sep-2015-09:28:20:740][124][ResourceManager$InternalManager][DEBUG]: Color registry was disposed: true
[07-Sep-2015-09:28:20:740][126][ResourceManager$InternalManager][DEBUG]: Font registry was disposed: true
[08-Sep-2015-00:50:32:693][31][ViewSourceProvider][DEBUG]: View source provider has been disposed.
[08-Sep-2015-00:50:34:893][122][ResourceManager$InternalManager][DEBUG]: Image registry was disposed: true
[08-Sep-2015-00:50:34:895][124][ResourceManager$InternalManager][DEBUG]: Color registry was disposed: true
[08-Sep-2015-00:50:34:895][126][ResourceManager$InternalManager][DEBUG]: Font registry was disposed: true
[09-Sep-2015-09:31:04:704][31][ViewSourceProvider][DEBUG]: View source provider has been disposed.
[09-Sep-2015-09:31:07:566][122][ResourceManager$InternalManager][DEBUG]: Image registry was disposed: true
[09-Sep-2015-09:31:07:568][124][ResourceManager$InternalManager][DEBUG]: Color registry was disposed: true
[09-Sep-2015-09:31:07:569][126][ResourceManager$InternalManager][DEBUG]: Font registry was disposed: true
[10-Sep-2015-00:30:23:259][31][ViewSourceProvider][DEBUG]: View source provider has been disposed.
[10-Sep-2015-00:30:25:111][122][ResourceManager$InternalManager][DEBUG]: Image registry was disposed: true
[10-Sep-2015-00:30:25:112][124][ResourceManager$InternalManager][DEBUG]: Color registry was disposed: true
[10-Sep-2015-00:30:25:112][126][ResourceManager$InternalManager][DEBUG]: Font registry was disposed: true
[10-Sep-2015-23:24:16:818][31][ViewSourceProvider][DEBUG]: View source provider has been disposed.
[10-Sep-2015-23:24:19:281][122][ResourceManager$InternalManager][DEBUG]: Image registry was disposed: true
[10-Sep-2015-23:24:19:283][124][ResourceManager$InternalManager][DEBUG]: Color registry was disposed: true
[10-Sep-2015-23:24:19:283][126][ResourceManager$InternalManager][DEBUG]: Font registry was disposed: true
[13-Sep-2015-00:51:13:928][31][ViewSourceProvider][DEBUG]: View source provider has been disposed.
[13-Sep-2015-00:51:19:056][122][ResourceManager$InternalManager][DEBUG]: Image registry was disposed: true
[13-Sep-2015-00:51:19:058][124][ResourceManager$InternalManager][DEBUG]: Color registry was disposed: true
[13-Sep-2015-00:51:19:058][126][ResourceManager$InternalManager][DEBUG]: Font registry was disposed: true
[15-Sep-2015-00:16:08:210][31][ViewSourceProvider][DEBUG]: View source provider has been disposed.
[15-Sep-2015-00:16:10:840][122][ResourceManager$InternalManager][DEBUG]: Image registry was disposed: true
[15-Sep-2015-00:16:10:842][124][ResourceManager$InternalManager][DEBUG]: Color registry was disposed: true
[15-Sep-2015-00:16:10:842][126][ResourceManager$InternalManager][DEBUG]: Font registry was disposed: true
[15-Sep-2015-09:30:38:019][31][ViewSourceProvider][DEBUG]: View source provider has been disposed.
[15-Sep-2015-09:30:40:217][122][ResourceManager$InternalManager][DEBUG]: Image registry was disposed: true
[15-Sep-2015-09:30:40:218][124][ResourceManager$InternalManager][DEBUG]: Color registry was disposed: true
[15-Sep-2015-09:30:40:218][126][ResourceManager$InternalManager][DEBUG]: Font registry was disposed: true
[16-Sep-2015-23:42:47:523][31][ViewSourceProvider][DEBUG]: View source provider has been disposed.
[16-Sep-2015-23:42:52:541][122][ResourceManager$InternalManager][DEBUG]: Image registry was disposed: true
[16-Sep-2015-23:42:52:543][124][ResourceManager$InternalManager][DEBUG]: Color registry was disposed: true
[16-Sep-2015-23:42:52:543][126][ResourceManager$InternalManager][DEBUG]: Font registry was disposed: true
[18-Sep-2015-09:28:47:594][31][ViewSourceProvider][DEBUG]: View source provider has been disposed.
[18-Sep-2015-09:28:51:288][122][ResourceManager$InternalManager][DEBUG]: Image registry was disposed: true
[18-Sep-2015-09:28:51:289][124][ResourceManager$InternalManager][DEBUG]: Color registry was disposed: true
[18-Sep-2015-09:28:51:289][126][ResourceManager$InternalManager][DEBUG]: Font registry was disposed: true
[20-Sep-2015-23:34:43:910][31][ViewSourceProvider][DEBUG]: View source provider has been disposed.
[20-Sep-2015-23:34:51:282][122][ResourceManager$InternalManager][DEBUG]: Image registry was disposed: true
[20-Sep-2015-23:34:51:283][124][ResourceManager$InternalManager][DEBUG]: Color registry was disposed: true
[20-Sep-2015-23:34:51:284][126][ResourceManager$InternalManager][DEBUG]: Font registry was disposed: true
[23-Sep-2015-09:08:41:466][31][ViewSourceProvider][DEBUG]: View source provider has been disposed.
[23-Sep-2015-09:08:43:655][122][ResourceManager$InternalManager][DEBUG]: Image registry was disposed: true
[23-Sep-2015-09:08:43:657][124][ResourceManager$InternalManager][DEBUG]: Color registry was disposed: true
[23-Sep-2015-09:08:43:657][126][ResourceManager$InternalManager][DEBUG]: Font registry was disposed: true
[23-Sep-2015-09:32:38:714][31][ViewSourceProvider][DEBUG]: View source provider has been disposed.
[23-Sep-2015-09:32:40:676][122][ResourceManager$InternalManager][DEBUG]: Image registry was disposed: true
[23-Sep-2015-09:32:40:677][124][ResourceManager$InternalManager][DEBUG]: Color registry was disposed: true
[23-Sep-2015-09:32:40:712][126][ResourceManager$InternalManager][DEBUG]: Font registry was disposed: true
[27-Sep-2015-11:28:41:204][31][ViewSourceProvider][DEBUG]: View source provider has been disposed.
[27-Sep-2015-11:28:43:594][122][ResourceManager$InternalManager][DEBUG]: Image registry was disposed: true
[27-Sep-2015-11:28:43:596][124][ResourceManager$InternalManager][DEBUG]: Color registry was disposed: true
[27-Sep-2015-11:28:43:596][126][ResourceManager$InternalManager][DEBUG]: Font registry was disposed: true
[28-Sep-2015-09:26:59:829][31][ViewSourceProvider][DEBUG]: View source provider has been disposed.
[28-Sep-2015-09:27:02:884][122][ResourceManager$InternalManager][DEBUG]: Image registry was disposed: true
[28-Sep-2015-09:27:02:885][124][ResourceManager$InternalManager][DEBUG]: Color registry was disposed: true
[28-Sep-2015-09:27:02:885][126][ResourceManager$InternalManager][DEBUG]: Font registry was disposed: true
[01-Dec-2015-09:06:24:881][31][ViewSourceProvider][DEBUG]: View source provider has been disposed.
[01-Dec-2015-09:06:31:313][122][ResourceManager$InternalManager][DEBUG]: Image registry was disposed: true
[01-Dec-2015-09:06:31:314][124][ResourceManager$InternalManager][DEBUG]: Color registry was disposed: true
[01-Dec-2015-09:06:31:314][126][ResourceManager$InternalManager][DEBUG]: Font registry was disposed: true
[01-Dec-2015-09:55:11:473][31][ViewSourceProvider][DEBUG]: View source provider has been disposed.
[01-Dec-2015-09:55:13:635][122][ResourceManager$InternalManager][DEBUG]: Image registry was disposed: true
[01-Dec-2015-09:55:13:636][124][ResourceManager$InternalManager][DEBUG]: Color registry was disposed: true
[01-Dec-2015-09:55:13:637][126][ResourceManager$InternalManager][DEBUG]: Font registry was disposed: true
[14-Dec-2015-23:25:33:338][31][ViewSourceProvider][DEBUG]: View source provider has been disposed.
[14-Dec-2015-23:25:35:258][122][ResourceManager$InternalManager][DEBUG]: Image registry was disposed: true
[14-Dec-2015-23:25:35:260][124][ResourceManager$InternalManager][DEBUG]: Color registry was disposed: true
[14-Dec-2015-23:25:35:260][126][ResourceManager$InternalManager][DEBUG]: Font registry was disposed: true
[03-Jan-2016-15:57:13:899][31][ViewSourceProvider][DEBUG]: View source provider has been disposed.
[03-Jan-2016-15:57:15:589][122][ResourceManager$InternalManager][DEBUG]: Image registry was disposed: true
[03-Jan-2016-15:57:15:590][124][ResourceManager$InternalManager][DEBUG]: Color registry was disposed: true
[03-Jan-2016-15:57:15:591][126][ResourceManager$InternalManager][DEBUG]: Font registry was disposed: true
[06-Feb-2016-12:04:56:754][31][ViewSourceProvider][DEBUG]: View source provider has been disposed.
[06-Feb-2016-12:04:58:682][122][ResourceManager$InternalManager][DEBUG]: Image registry was disposed: true
[06-Feb-2016-12:04:58:684][124][ResourceManager$InternalManager][DEBUG]: Color registry was disposed: true
[06-Feb-2016-12:04:58:684][126][ResourceManager$InternalManager][DEBUG]: Font registry was disposed: true
[01-Apr-2016-23:45:17:793][31][ViewSourceProvider][DEBUG]: View source provider has been disposed.
[01-Apr-2016-23:45:22:946][122][ResourceManager$InternalManager][DEBUG]: Image registry was disposed: true
[01-Apr-2016-23:45:22:948][124][ResourceManager$InternalManager][DEBUG]: Color registry was disposed: true
[01-Apr-2016-23:45:22:948][126][ResourceManager$InternalManager][DEBUG]: Font registry was disposed: true
[02-Apr-2016-21:29:02:874][31][ViewSourceProvider][DEBUG]: View source provider has been disposed.
[02-Apr-2016-21:29:05:281][122][ResourceManager$InternalManager][DEBUG]: Image registry was disposed: true
[02-Apr-2016-21:29:05:282][124][ResourceManager$InternalManager][DEBUG]: Color registry was disposed: true
[02-Apr-2016-21:29:05:282][126][ResourceManager$InternalManager][DEBUG]: Font registry was disposed: true
